[Licensing::Module] Trying to connect to existing licensing client channel...
[Licensing::IpcConnector] Successfully connected to: "LicenseClient-wcnnn" at "2026-02-19T16:20:05.5843965Z"
[Licensing::Client] Code 10 while verifying Licensing Client signature (process Id: 58804, path: "C:/Program Files/Unity Hub/UnityLicensingClient_V1/Unity.Licensing.Client.exe")
[Licensing::Module] LicensingClient has failed validation; ignoring
[Licensing::Client] Handshaking with LicensingClient:
  Version:                 1.17.4+4293ba1
  Session Id:              86e32af9fba04870bba7aaa1507f5b02
  Correlation Id:          e09ab394585e541f8647ea6c6c5f6b57
  External correlation Id: 6505149675579003786
  Machine Id:              pmPUZfuOp1P4kh7eX/iSppUa0Cw=
[Licensing::Module] Successfully connected to LicensingClient on channel: "LicenseClient-wcnnn" (connect: 0.00s, validation: 0.01s, handshake: 0.06s)
[Licensing::IpcConnector] Successfully connected to: "LicenseClient-wcnnn-notifications" at "2026-02-19T16:20:05.6575021Z"
[Licensing::Module] Error: Access token is unavailable; failed to update
[Licensing::Client] Successfully updated license
Built from '2022.3/respin/2022.3.62f2-4af31df585-v2' branch; Version is '2022.3.62f3 (96770f904ca7) revision 9860879'; Using compiler version '192829333'; Build Type 'Release'
OS: 'Windows 11  (10.0.22631) 64bit CoreCountrySpecific' Language: 'zh' Physical Memory: 32405 MB
[Licensing::Client] Successfully resolved entitlement details
[Licensing::Module] Serial number assigned to: "18968362114580-UnityPersXXXX"
BatchMode: 1, IsHumanControllingUs: 0, StartBugReporterOnCrash: 0, Is64bit: 1, IsPro: 0
[Licensing::Client] Successfully resolved entitlement details

COMMAND LINE ARGUMENTS:
C:\Program Files\Unity\Hub\Editor\2022.3.62f3\Editor\Unity.exe
-batchmode
-projectPath
d:\SteamLibrary\steamapps\common\RimWorld\Mods\Fortified-Framework\UnityProject
-executeMethod
BuildBundle.BuildFromCommandLine
-logFile
d:\SteamLibrary\steamapps\common\RimWorld\Mods\Fortified-Framework\UnityProject\build.log
-quit
Successfully changed project path to: d:\SteamLibrary\steamapps\common\RimWorld\Mods\Fortified-Framework\UnityProject
D:/SteamLibrary/steamapps/common/RimWorld/Mods/Fortified-Framework/UnityProject
[UnityMemory] Configuration Parameters - Can be set up in boot.config
    "memorysetup-bucket-allocator-granularity=16"
    "memorysetup-bucket-allocator-bucket-count=8"
    "memorysetup-bucket-allocator-block-size=33554432"
    "memorysetup-bucket-allocator-block-count=8"
    "memorysetup-main-allocator-block-size=16777216"
    "memorysetup-thread-allocator-block-size=16777216"
    "memorysetup-gfx-main-allocator-block-size=16777216"
    "memorysetup-gfx-thread-allocator-block-size=16777216"
    "memorysetup-cache-allocator-block-size=4194304"
    "memorysetup-typetree-allocator-block-size=2097152"
    "memorysetup-profiler-bucket-allocator-granularity=16"
    "memorysetup-profiler-bucket-allocator-bucket-count=8"
    "memorysetup-profiler-bucket-allocator-block-size=33554432"
    "memorysetup-profiler-bucket-allocator-block-count=8"
    "memorysetup-profiler-allocator-block-size=16777216"
    "memorysetup-profiler-editor-allocator-block-size=1048576"
    "memorysetup-temp-allocator-size-main=16777216"
    "memorysetup-job-temp-allocator-block-size=2097152"
    "memorysetup-job-temp-allocator-block-size-background=1048576"
    "memorysetup-job-temp-allocator-reduction-small-platforms=262144"
    "memorysetup-allocator-temp-initial-block-size-main=262144"
    "memorysetup-allocator-temp-initial-block-size-worker=262144"
    "memorysetup-temp-allocator-size-background-worker=32768"
    "memorysetup-temp-allocator-size-job-worker=262144"
    "memorysetup-temp-allocator-size-preload-manager=33554432"
    "memorysetup-temp-allocator-size-nav-mesh-worker=65536"
    "memorysetup-temp-allocator-size-audio-worker=65536"
    "memorysetup-temp-allocator-size-cloud-worker=32768"
    "memorysetup-temp-allocator-size-gi-baking-worker=262144"
    "memorysetup-temp-allocator-size-gfx=262144"
Player connection [68296]  Target information:

Player connection [68296]  * "[IP] 192.168.1.173 [Port] 55504 [Flags] 2 [Guid] 522869144 [EditorId] 522869144 [Version] 1048832 [Id] WindowsEditor(7,center) [Debug] 1 [PackageName] WindowsEditor [ProjectName] Editor" 

Player connection [68296]  * "[IP] 172.16.2.70 [Port] 55504 [Flags] 2 [Guid] 522869144 [EditorId] 522869144 [Version] 1048832 [Id] WindowsEditor(7,center) [Debug] 1 [PackageName] WindowsEditor [ProjectName] Editor" 

Player connection [68296]  * "[IP] 198.18.0.1 [Port] 55504 [Flags] 2 [Guid] 522869144 [EditorId] 522869144 [Version] 1048832 [Id] WindowsEditor(7,center) [Debug] 1 [PackageName] WindowsEditor [ProjectName] Editor" 

Player connection [68296] Host joined multi-casting on [225.0.0.222:54997]...
Player connection [68296] Host joined alternative multi-casting on [225.0.0.222:34997]...
Input System module state changed to: Initialized.
[PhysX] Initialized MultithreadedTaskDispatcher with 16 workers.
[Package Manager] UpmClient::Connect -- Connected to IPC stream "Upm-66264" after 1.0 seconds.
[Package Manager] Restoring resolved packages state from cache
[Licensing::Client] Successfully resolved entitlement details
[Package Manager] Registered 42 packages:
  Packages from [https://packages.unity.com]:
    com.unity.ai.navigation@1.1.6 (location: D:\SteamLibrary\steamapps\common\RimWorld\Mods\Fortified-Framework\UnityProject\Library\PackageCache\com.unity.ai.navigation@1.1.6)
    com.unity.ide.rider@3.0.36 (location: D:\SteamLibrary\steamapps\common\RimWorld\Mods\Fortified-Framework\UnityProject\Library\PackageCache\com.unity.ide.rider@3.0.36)
    com.unity.ide.visualstudio@2.0.22 (location: D:\SteamLibrary\steamapps\common\RimWorld\Mods\Fortified-Framework\UnityProject\Library\PackageCache\com.unity.ide.visualstudio@2.0.22)
    com.unity.ide.vscode@1.2.5 (location: D:\SteamLibrary\steamapps\common\RimWorld\Mods\Fortified-Framework\UnityProject\Library\PackageCache\com.unity.ide.vscode@1.2.5)
    com.unity.textmeshpro@3.0.7 (location: D:\SteamLibrary\steamapps\common\RimWorld\Mods\Fortified-Framework\UnityProject\Library\PackageCache\com.unity.textmeshpro@3.0.7)
    com.unity.test-framework@1.1.33 (location: D:\SteamLibrary\steamapps\common\RimWorld\Mods\Fortified-Framework\UnityProject\Library\PackageCache\com.unity.test-framework@1.1.33)
    com.unity.ext.nunit@1.0.6 (location: D:\SteamLibrary\steamapps\common\RimWorld\Mods\Fortified-Framework\UnityProject\Library\PackageCache\com.unity.ext.nunit@1.0.6)
  Built-in packages:
    com.unity.2d.sprite@1.0.0 (location: D:\SteamLibrary\steamapps\common\RimWorld\Mods\Fortified-Framework\UnityProject\Library\PackageCache\com.unity.2d.sprite@1.0.0)
    com.unity.2d.tilemap@1.0.0 (location: D:\SteamLibrary\steamapps\common\RimWorld\Mods\Fortified-Framework\UnityProject\Library\PackageCache\com.unity.2d.tilemap@1.0.0)
    com.unity.ugui@1.0.0 (location: D:\SteamLibrary\steamapps\common\RimWorld\Mods\Fortified-Framework\UnityProject\Library\PackageCache\com.unity.ugui@1.0.0)
    com.unity.modules.ai@1.0.0 (location: D:\SteamLibrary\steamapps\common\RimWorld\Mods\Fortified-Framework\UnityProject\Library\PackageCache\com.unity.modules.ai@1.0.0)
    com.unity.modules.androidjni@1.0.0 (location: D:\SteamLibrary\steamapps\common\RimWorld\Mods\Fortified-Framework\UnityProject\Library\PackageCache\com.unity.modules.androidjni@1.0.0)
    com.unity.modules.animation@1.0.0 (location: D:\SteamLibrary\steamapps\common\RimWorld\Mods\Fortified-Framework\UnityProject\Library\PackageCache\com.unity.modules.animation@1.0.0)
    com.unity.modules.assetbundle@1.0.0 (location: D:\SteamLibrary\steamapps\common\RimWorld\Mods\Fortified-Framework\UnityProject\Library\PackageCache\com.unity.modules.assetbundle@1.0.0)
    com.unity.modules.audio@1.0.0 (location: D:\SteamLibrary\steamapps\common\RimWorld\Mods\Fortified-Framework\UnityProject\Library\PackageCache\com.unity.modules.audio@1.0.0)
    com.unity.modules.cloth@1.0.0 (location: D:\SteamLibrary\steamapps\common\RimWorld\Mods\Fortified-Framework\UnityProject\Library\PackageCache\com.unity.modules.cloth@1.0.0)
    com.unity.modules.director@1.0.0 (location: D:\SteamLibrary\steamapps\common\RimWorld\Mods\Fortified-Framework\UnityProject\Library\PackageCache\com.unity.modules.director@1.0.0)
    com.unity.modules.imageconversion@1.0.0 (location: D:\SteamLibrary\steamapps\common\RimWorld\Mods\Fortified-Framework\UnityProject\Library\PackageCache\com.unity.modules.imageconversion@1.0.0)
    com.unity.modules.imgui@1.0.0 (location: D:\SteamLibrary\steamapps\common\RimWorld\Mods\Fortified-Framework\UnityProject\Library\PackageCache\com.unity.modules.imgui@1.0.0)
    com.unity.modules.jsonserialize@1.0.0 (location: D:\SteamLibrary\steamapps\common\RimWorld\Mods\Fortified-Framework\UnityProject\Library\PackageCache\com.unity.modules.jsonserialize@1.0.0)
    com.unity.modules.particlesystem@1.0.0 (location: D:\SteamLibrary\steamapps\common\RimWorld\Mods\Fortified-Framework\UnityProject\Library\PackageCache\com.unity.modules.particlesystem@1.0.0)
    com.unity.modules.physics@1.0.0 (location: D:\SteamLibrary\steamapps\common\RimWorld\Mods\Fortified-Framework\UnityProject\Library\PackageCache\com.unity.modules.physics@1.0.0)
    com.unity.modules.physics2d@1.0.0 (location: D:\SteamLibrary\steamapps\common\RimWorld\Mods\Fortified-Framework\UnityProject\Library\PackageCache\com.unity.modules.physics2d@1.0.0)
    com.unity.modules.screencapture@1.0.0 (location: D:\SteamLibrary\steamapps\common\RimWorld\Mods\Fortified-Framework\UnityProject\Library\PackageCache\com.unity.modules.screencapture@1.0.0)
    com.unity.modules.terrain@1.0.0 (location: D:\SteamLibrary\steamapps\common\RimWorld\Mods\Fortified-Framework\UnityProject\Library\PackageCache\com.unity.modules.terrain@1.0.0)
    com.unity.modules.terrainphysics@1.0.0 (location: D:\SteamLibrary\steamapps\common\RimWorld\Mods\Fortified-Framework\UnityProject\Library\PackageCache\com.unity.modules.terrainphysics@1.0.0)
    com.unity.modules.tilemap@1.0.0 (location: D:\SteamLibrary\steamapps\common\RimWorld\Mods\Fortified-Framework\UnityProject\Library\PackageCache\com.unity.modules.tilemap@1.0.0)
    com.unity.modules.ui@1.0.0 (location: D:\SteamLibrary\steamapps\common\RimWorld\Mods\Fortified-Framework\UnityProject\Library\PackageCache\com.unity.modules.ui@1.0.0)
    com.unity.modules.uielements@1.0.0 (location: D:\SteamLibrary\steamapps\common\RimWorld\Mods\Fortified-Framework\UnityProject\Library\PackageCache\com.unity.modules.uielements@1.0.0)
    com.unity.modules.umbra@1.0.0 (location: D:\SteamLibrary\steamapps\common\RimWorld\Mods\Fortified-Framework\UnityProject\Library\PackageCache\com.unity.modules.umbra@1.0.0)
    com.unity.modules.unityanalytics@1.0.0 (location: D:\SteamLibrary\steamapps\common\RimWorld\Mods\Fortified-Framework\UnityProject\Library\PackageCache\com.unity.modules.unityanalytics@1.0.0)
    com.unity.modules.unitywebrequest@1.0.0 (location: D:\SteamLibrary\steamapps\common\RimWorld\Mods\Fortified-Framework\UnityProject\Library\PackageCache\com.unity.modules.unitywebrequest@1.0.0)
    com.unity.modules.unitywebrequestassetbundle@1.0.0 (location: D:\SteamLibrary\steamapps\common\RimWorld\Mods\Fortified-Framework\UnityProject\Library\PackageCache\com.unity.modules.unitywebrequestassetbundle@1.0.0)
    com.unity.modules.unitywebrequestaudio@1.0.0 (location: D:\SteamLibrary\steamapps\common\RimWorld\Mods\Fortified-Framework\UnityProject\Library\PackageCache\com.unity.modules.unitywebrequestaudio@1.0.0)
    com.unity.modules.unitywebrequesttexture@1.0.0 (location: D:\SteamLibrary\steamapps\common\RimWorld\Mods\Fortified-Framework\UnityProject\Library\PackageCache\com.unity.modules.unitywebrequesttexture@1.0.0)
    com.unity.modules.unitywebrequestwww@1.0.0 (location: D:\SteamLibrary\steamapps\common\RimWorld\Mods\Fortified-Framework\UnityProject\Library\PackageCache\com.unity.modules.unitywebrequestwww@1.0.0)
    com.unity.modules.vehicles@1.0.0 (location: D:\SteamLibrary\steamapps\common\RimWorld\Mods\Fortified-Framework\UnityProject\Library\PackageCache\com.unity.modules.vehicles@1.0.0)
    com.unity.modules.video@1.0.0 (location: D:\SteamLibrary\steamapps\common\RimWorld\Mods\Fortified-Framework\UnityProject\Library\PackageCache\com.unity.modules.video@1.0.0)
    com.unity.modules.vr@1.0.0 (location: D:\SteamLibrary\steamapps\common\RimWorld\Mods\Fortified-Framework\UnityProject\Library\PackageCache\com.unity.modules.vr@1.0.0)
    com.unity.modules.wind@1.0.0 (location: D:\SteamLibrary\steamapps\common\RimWorld\Mods\Fortified-Framework\UnityProject\Library\PackageCache\com.unity.modules.wind@1.0.0)
    com.unity.modules.xr@1.0.0 (location: D:\SteamLibrary\steamapps\common\RimWorld\Mods\Fortified-Framework\UnityProject\Library\PackageCache\com.unity.modules.xr@1.0.0)
    com.unity.modules.subsystems@1.0.0 (location: D:\SteamLibrary\steamapps\common\RimWorld\Mods\Fortified-Framework\UnityProject\Library\PackageCache\com.unity.modules.subsystems@1.0.0)
[Subsystems] No new subsystems found in resolved package list.
Package Manager log level set to [2]
[Package Manager] Done registering packages in 0.15 seconds
Artifact Garbage Collection - Removed 1 unused hashed content files
Refreshing native plugins compatible for Editor in 2.43 ms, found 0 plugins.
Preloading 0 native plugins for Editor in 0.00 ms.
Initialize engine version: 2022.3.62f3 (96770f904ca7)
[Subsystems] Discovering subsystems at path C:/Program Files/Unity/Hub/Editor/2022.3.62f3/Editor/Data/Resources/UnitySubsystems
[Subsystems] Discovering subsystems at path D:/SteamLibrary/steamapps/common/RimWorld/Mods/Fortified-Framework/UnityProject/Assets
GfxDevice: creating device client; threaded=0; jobified=0
Direct3D:
    Version:  Direct3D 11.0 [level 11.1]
    Renderer: NVIDIA GeForce RTX 3080 Laptop GPU (ID=0x24dc)
    Vendor:   NVIDIA
    VRAM:     16177 MB
    Driver:   32.0.15.8183
[Licensing::Client] Successfully resolved entitlement details
Initialize mono
Mono path[0] = 'C:/Program Files/Unity/Hub/Editor/2022.3.62f3/Editor/Data/Managed'
Mono path[1] = 'C:/Program Files/Unity/Hub/Editor/2022.3.62f3/Editor/Data/MonoBleedingEdge/lib/mono/unityjit-win32'
Mono config path = 'C:/Program Files/Unity/Hub/Editor/2022.3.62f3/Editor/Data/MonoBleedingEdge/etc'
Using monoOptions --debugger-agent=transport=dt_socket,embedding=1,server=y,suspend=n,address=127.0.0.1:56264
Using cacheserver namespaces - metadata:defaultmetadata, artifacts:defaultartifacts
Using cacheserver namespaces - metadata:defaultmetadata, artifacts:defaultartifacts
ImportWorker Server TCP listen port: 0
Begin MonoManager ReloadAssembly
Registering precompiled unity dll's ...
Register platform support module: C:/Program Files/Unity/Hub/Editor/2022.3.62f3/Editor/Data/PlaybackEngines/WindowsStandaloneSupport/UnityEditor.WindowsStandalone.Extensions.dll
Registered in 0.011488 seconds.
- Loaded All Assemblies, in  0.805 seconds
Native extension for WindowsStandalone target not found
Mono: successfully reloaded assembly
- Finished resetting the current domain, in  0.565 seconds
Domain Reload Profiling: 1367ms
	BeginReloadAssembly (200ms)
		ExecutionOrderSort (0ms)
		DisableScriptedObjects (0ms)
		BackupInstance (0ms)
		ReleaseScriptingObjects (0ms)
		CreateAndSetChildDomain (2ms)
	RebuildCommonClasses (91ms)
	RebuildNativeTypeToScriptingClass (17ms)
	initialDomainReloadingComplete (187ms)
	LoadAllAssembliesAndSetupDomain (306ms)
		LoadAssemblies (199ms)
		RebuildTransferFunctionScriptingTraits (0ms)
		AnalyzeDomain (297ms)
			TypeCache.Refresh (294ms)
				TypeCache.ScanAssembly (256ms)
			ScanForSourceGeneratedMonoScriptInfo (1ms)
			ResolveRequiredComponents (1ms)
	FinalizeReload (566ms)
		ReleaseScriptCaches (0ms)
		RebuildScriptCaches (0ms)
		SetupLoadedEditorAssemblies (480ms)
			LogAssemblyErrors (0ms)
			InitializePlatformSupportModulesInManaged (19ms)
			SetLoadedEditorAssemblies (18ms)
			RefreshPlugins (0ms)
			BeforeProcessingInitializeOnLoad (6ms)
			ProcessInitializeOnLoadAttributes (321ms)
			ProcessInitializeOnLoadMethodAttributes (115ms)
			AfterProcessingInitializeOnLoad (0ms)
			EditorAssembliesLoaded (0ms)
		ExecutionOrderSort2 (0ms)
		AwakeInstancesAfterBackupRestoration (0ms)
[Licensing::Client] Successfully resolved entitlement details
Application.AssetDatabase Initial Refresh Start
Starting: C:\Program Files\Unity\Hub\Editor\2022.3.62f3\Editor\Data\bee_backend.exe --ipc --defer-dag-verification --dagfile="Library/Bee/1900b0aE.dag" --continue-on-failure --profile="Library/Bee/backend1.traceevents" ScriptAssemblies
WorkingDir: D:/SteamLibrary/steamapps/common/RimWorld/Mods/Fortified-Framework/UnityProject
DisplayProgressbar: Compiling Scripts
ExitCode: 0 Duration: 0s149ms
*** Tundra build success (0.08 seconds), 0 items updated, 230 evaluated
AssetDatabase: script compilation time: 0.997615s
Begin MonoManager ReloadAssembly
- Loaded All Assemblies, in  0.619 seconds
Refreshing native plugins compatible for Editor in 1.20 ms, found 0 plugins.
Preloading 0 native plugins for Editor in 0.00 ms.
Refreshing native plugins compatible for Editor in 1.06 ms, found 0 plugins.
Native extension for WindowsStandalone target not found
Mono: successfully reloaded assembly
- Finished resetting the current domain, in  0.640 seconds
Domain Reload Profiling: 1257ms
	BeginReloadAssembly (252ms)
		ExecutionOrderSort (0ms)
		DisableScriptedObjects (6ms)
		BackupInstance (0ms)
		ReleaseScriptingObjects (0ms)
		CreateAndSetChildDomain (57ms)
	RebuildCommonClasses (53ms)
	RebuildNativeTypeToScriptingClass (11ms)
	initialDomainReloadingComplete (43ms)
	LoadAllAssembliesAndSetupDomain (257ms)
		LoadAssemblies (319ms)
		RebuildTransferFunctionScriptingTraits (0ms)
		AnalyzeDomain (64ms)
			TypeCache.Refresh (48ms)
				TypeCache.ScanAssembly (34ms)
			ScanForSourceGeneratedMonoScriptInfo (11ms)
			ResolveRequiredComponents (4ms)
	FinalizeReload (641ms)
		ReleaseScriptCaches (0ms)
		RebuildScriptCaches (0ms)
		SetupLoadedEditorAssemblies (443ms)
			LogAssemblyErrors (0ms)
			InitializePlatformSupportModulesInManaged (10ms)
			SetLoadedEditorAssemblies (5ms)
			RefreshPlugins (0ms)
			BeforeProcessingInitializeOnLoad (65ms)
			ProcessInitializeOnLoadAttributes (276ms)
			ProcessInitializeOnLoadMethodAttributes (74ms)
			AfterProcessingInitializeOnLoad (13ms)
			EditorAssembliesLoaded (1ms)
		ExecutionOrderSort2 (0ms)
		AwakeInstancesAfterBackupRestoration (13ms)
Start importing Assets/Shaders/FF_StandardPaintable.shader using Guid(d585fb1c4aed2134ba737bbe8cd9e8a2) Importer(-1,00000000000000000000000000000000) [PhysX] Initialized MultithreadedTaskDispatcher with 16 workers.
Launched and connected shader compiler UnityShaderCompiler.exe after 0.19 seconds
 -> (artifact id: '50c4f5e8ef24d40bd4718ebde8062a6f') in 0.232963 seconds
Refreshing native plugins compatible for Editor in 0.74 ms, found 0 plugins.
Preloading 0 native plugins for Editor in 0.00 ms.
Asset Pipeline Refresh (id=b5afb344edff28d45b1aad0a8a54e27a): Total: 3.486 seconds - Initiated by InitialRefreshV2(ForceSynchronousImport)
	Summary:
		Imports: total=1 (actual=1, local cache=0, cache server=0)
		Asset DB Process Time: managed=3 ms, native=1037 ms
		Asset DB Callback time: managed=89 ms, native=39 ms
		Scripting: domain reloads=1, domain reload time=1294 ms, compile time=1000 ms, other=21 ms
		Project Asset Count: scripts=1142, non-scripts=298
		Asset File Changes: new=0, changed=1, moved=0, deleted=0
		Scan Filter Count: 0
	InvokeBeforeRefreshCallbacks: 0.925ms
	ApplyChangesToAssetFolders: 0.135ms
	Scan: 294.991ms
	OnSourceAssetsModified: 6.619ms
	GetAllGuidsForCategorization: 0.348ms
	CategorizeAssets: 34.004ms
	ImportOutOfDateAssets: 910.634ms (-366.636ms without children)
		ImportManagerImport: 250.123ms (16.143ms without children)
			ImportInProcess: 233.886ms
			UpdateCategorizedAssets: 0.094ms
		CompileScripts: 1000.039ms
		ReloadNativeAssets: 0.001ms
		UnloadImportedAssets: 11.809ms
		ReloadImportedAssets: 13.740ms
		EnsureUptoDateAssetsAreRegisteredWithGuidPM: 0.891ms
		InitializingProgressBar: 0.015ms
		PostProcessAllAssetNotificationsAddChangedAssets: 0.002ms
		OnDemandSchedulerStart: 0.649ms
	PostProcessAllAssets: 119.564ms
	Hotreload: 1.758ms
	GatherAllCurrentPrimaryArtifactRevisions: 0.001ms
	UnloadStreamsBegin: 0.402ms
	PersistCurrentRevisions: 0.418ms
	UnloadStreamsEnd: 0.076ms
	GenerateScriptTypeHashes: 0.715ms
	Untracked: 2116.096ms
Application.AssetDatabase Initial Refresh End
Scanning for USB devices : 5.359ms
Initializing Unity extensions:
[Licensing::Client] Successfully resolved entitlement details
[MODES] ModeService[none].Initialize
[MODES] ModeService[none].LoadModes
[MODES] Loading mode Default (0) for mode-current-id-unityproject_visuals
[PhysX] Initialized MultithreadedTaskDispatcher with 16 workers.
ProgressiveSceneManager::Cancel()
Unloading 3 Unused Serialized files (Serialized files now loaded: 0)
Unloading 30 unused Assets / (469.1 KB). Loaded Objects now: 1399.
Memory consumption went from 87.6 MB to 87.1 MB.
Total: 9.850600 ms (FindLiveObjects: 0.475100 ms CreateObjectMapping: 0.066700 ms MarkObjects: 8.576400 ms  DeleteObjects: 0.728800 ms)

Asset Pipeline Refresh (id=5be9f4f0689dbb24db52a2a883952b83): Total: 0.040 seconds - Initiated by RefreshV2(NoUpdateAssetOptions)
[Fortified] Found asset: Assets/Shaders/FF_StandardPaintable.shader
UnityEngine.StackTraceUtility:ExtractStackTrace ()
UnityEngine.DebugLogHandler:LogFormat (UnityEngine.LogType,UnityEngine.Object,string,object[])
UnityEngine.Logger:Log (UnityEngine.LogType,object)
UnityEngine.Debug:Log (object)
BuildBundle:Build (string) (at Assets/Editor/BuildBundle.cs:38)
BuildBundle:BuildFromCommandLine () (at Assets/Editor/BuildBundle.cs:18)

(Filename: Assets/Editor/BuildBundle.cs Line: 38)

Asset Pipeline Refresh (id=238a8981e37141e448677849e2968eb0): Total: 0.017 seconds - Initiated by RefreshV2(NoUpdateAssetOptions)
Starting: C:\Program Files\Unity\Hub\Editor\2022.3.62f3\Editor\Data\bee_backend.exe --ipc --defer-dag-verification --dagfile="Library/Bee/1900b0aESkipCompile.dag" --continue-on-failure --profile="Library/Bee/backend1.traceevents" ScriptAssembliesAndTypeDB
WorkingDir: D:/SteamLibrary/steamapps/common/RimWorld/Mods/Fortified-Framework/UnityProject
ExitCode: 0 Duration: 0s351ms
*** Tundra build success (0.11 seconds), 0 items updated, 3 evaluated
Asset Pipeline Refresh (id=59e0c6053edda2248b031347dd01c93c): Total: 0.007 seconds - Initiated by RefreshV2(NoUpdateAssetOptions)
[ScriptCompilation] Requested script compilation because: Recompiling scripts for player build.
BuildPlayer: start building target 19
Starting: C:\Program Files\Unity\Hub\Editor\2022.3.62f3\Editor\Data\bee_backend.exe --ipc --defer-dag-verification --dagfile="Library/Bee/1900b0aP.dag" --continue-on-failure --profile="Library/Bee/backend1.traceevents" ScriptAssembliesAndTypeDB
WorkingDir: D:/SteamLibrary/steamapps/common/RimWorld/Mods/Fortified-Framework/UnityProject
ExitCode: 0 Duration: 0s986ms
[ 93/103    0s] CopyFiles Library/PlayerScriptAssemblies/UnityEngine.TestRunner.pdb
[ 94/103    0s] CopyFiles Library/PlayerScriptAssemblies/UnityEngine.UI.dll
[ 95/103    0s] CopyFiles Library/PlayerScriptAssemblies/Unity.AI.Navigation.pdb
[ 96/103    0s] CopyFiles Library/PlayerScriptAssemblies/UnityEngine.TestRunner.dll
[ 97/103    0s] CopyFiles Library/PlayerScriptAssemblies/UnityEngine.UI.pdb
[ 98/103    0s] CopyFiles Library/PlayerScriptAssemblies/Unity.TextMeshPro.dll
[ 99/103    0s] CopyFiles Library/PlayerScriptAssemblies/Unity.AI.Navigation.dll
[100/103    0s] CopyFiles Library/PlayerScriptAssemblies/Unity.TextMeshPro.pdb
*** Tundra build success (0.94 seconds), 8 items updated, 103 evaluated
Compiling shader "Fortified/StandardPaintable" pass "" (vp)
    Full variant space:         1
    After settings filtering:   1
    After built-in stripping:   1
    After scriptable stripping: 1
    Processed in 0.01 seconds
    starting compilation...
    finished in 0.00 seconds. Local cache hits 1 (0.00s CPU time), remote cache hits 0 (0.00s CPU time), compiled 0 variants (0.00s CPU time), skipped 0 variants
    Prepared data for serialisation in 0.00s
Compiling shader "Fortified/StandardPaintable" pass "" (fp)
    Full variant space:         1
    After settings filtering:   1
    After built-in stripping:   1
    After scriptable stripping: 1
    Processed in 0.00 seconds
    starting compilation...
    finished in 0.00 seconds. Local cache hits 1 (0.00s CPU time), remote cache hits 0 (0.00s CPU time), compiled 0 variants (0.00s CPU time), skipped 0 variants
    Prepared data for serialisation in 0.00s
Serialized binary data for shader Fortified/StandardPaintable in 0.00s
    d3d11 (total internal programs: 2, unique: 2)

***Player size statistics***
Total compressed size 18.3 KB. Total uncompressed size 83.3 KB.
Unloading 4 Unused Serialized files (Serialized files now loaded: 0)
Unloading 20 unused Assets / (0.7 MB). Loaded Objects now: 1412.
Memory consumption went from 88.0 MB to 87.3 MB.
Total: 8.294400 ms (FindLiveObjects: 0.196400 ms CreateObjectMapping: 0.041900 ms MarkObjects: 6.996100 ms  DeleteObjects: 1.056100 ms)


***Player size statistics***
Total compressed size 1.5 KB. Total uncompressed size 4.1 KB.
Unloading 0 Unused Serialized files (Serialized files now loaded: 0)
Unloading 0 unused Assets / (0 B). Loaded Objects now: 1414.
Memory consumption went from 86.3 MB to 86.3 MB.
Total: 6.413300 ms (FindLiveObjects: 0.238800 ms CreateObjectMapping: 0.041600 ms MarkObjects: 6.117300 ms  DeleteObjects: 0.012800 ms)


-------------------------------------------------------------------------------
Bundle Name: fortified_shaders
Compressed Size:18.4 kb
Uncompressed usage by category (Percentages based on user generated assets only):
Textures               0.0 kb	 0.0% 
Meshes                 0.0 kb	 0.0% 
Animations             0.0 kb	 0.0% 
Sounds                 0.0 kb	 0.0% 
Shaders                5.8 kb	 7.0% 
Other Assets           0.2 kb	 0.2% 
Levels                 0.0 kb	 0.0% 
Scripts                0.0 kb	 0.0% 
Included DLLs          0.0 kb	 0.0% 
File headers           77.3 kb	 92.8% 
Total User Assets      83.3 kb	 100.0% 
Complete build size    83.3 kb
Used Assets and files from the Resources folder, sorted by uncompressed size:
 5.8 kb	 7.0% Assets/Shaders/FF_StandardPaintable.shader
 0.2 kb	 0.2% AssetBundle Object
-------------------------------------------------------------------------------
-------------------------------------------------------------------------------
Bundle Name: AssetBundles
Compressed Size:1.5 kb
Uncompressed usage by category (Percentages based on user generated assets only):
Textures               0.0 kb	 0.0% 
Meshes                 0.0 kb	 0.0% 
Animations             0.0 kb	 0.0% 
Sounds                 0.0 kb	 0.0% 
Shaders                0.0 kb	 0.0% 
Other Assets           0.2 kb	 4.5% 
Levels                 0.0 kb	 0.0% 
Scripts                0.0 kb	 0.0% 
Included DLLs          0.0 kb	 0.0% 
File headers           3.9 kb	 95.5% 
Total User Assets      4.1 kb	 100.0% 
Complete build size    4.1 kb
Used Assets and files from the Resources folder, sorted by uncompressed size:
 0.1 kb	 2.5% AssetBundle Object
 0.1 kb	 2.1% Built-in AssetBundleManifest: AssetBundleManifest
-------------------------------------------------------------------------------
[Fortified] AssetBundle 'fortified_visuals' 构建完成！包含 1 个资源。输出至: ../1.6/AssetBundles
UnityEngine.StackTraceUtility:ExtractStackTrace ()
UnityEngine.DebugLogHandler:LogFormat (UnityEngine.LogType,UnityEngine.Object,string,object[])
UnityEngine.Logger:Log (UnityEngine.LogType,object)
UnityEngine.Debug:Log (object)
BuildBundle:Build (string) (at Assets/Editor/BuildBundle.cs:62)
BuildBundle:BuildFromCommandLine () (at Assets/Editor/BuildBundle.cs:18)

(Filename: Assets/Editor/BuildBundle.cs Line: 62)

Batchmode quit successfully invoked - shutting down!
[PhysX] Initialized MultithreadedTaskDispatcher with 16 workers.
Input System module state changed to: ShutdownInProgress.
Input System polling thread exited.
Input System module state changed to: Shutdown.
[Licensing::IpcConnector] LicenseClient-wcnnn-notifications channel disconnected successfully.
[Licensing::IpcConnector] LicenseClient-wcnnn channel disconnected successfully.
Cleanup mono
[Performance] WinEditorMain                                                                                                  :        1 samples, Peak.  1.01 s (1.0x), Avg.  1.01 s, Total. 1.013 s (7.3%)
[Performance] WinEditorMain.ConfigureCrashHandler                                                                            :        1 samples, Peak.  81.5 us (1.0x), Avg.  81.5 us, Total. 81.50 us (0.0%)
[Performance] WinEditorMain.CurlRequestInitialize                                                                            :        1 samples, Peak.   844 us (1.0x), Avg.   844 us, Total. 843.6 us (0.0%)
[Performance] WinEditorMain.SetupLogFile                                                                                     :        1 samples, Peak.   415 us (1.0x), Avg.   415 us, Total. 415.0 us (0.0%)
[Performance] WinEditorMain.RunNativeTestsIfRequiredAndExit                                                                  :        1 samples, Peak. 100.0 ns (1.0x), Avg. 100.0 ns, Total. 100.00 ns (0.0%)
[Performance] WinEditorMain.Licensing                                                                                        :        1 samples, Peak.   990 ms (1.0x), Avg.   990 ms, Total. 990.4 ms (7.1%)
[Performance] WinEditorMain.InitializeCrashHandler                                                                           :        1 samples, Peak.  12.9 ms (1.0x), Avg.  12.9 ms, Total. 12.93 ms (0.1%)
[Performance] WinEditorMain.CreateApplication                                                                                :        1 samples, Peak.   272 us (1.0x), Avg.   272 us, Total. 272.4 us (0.0%)
[Performance] Application.InitializeProject                                                                                  :        1 samples, Peak.  8.77 s (1.0x), Avg.  8.77 s, Total. 8.773 s (63.3%)
[Performance] Application.PackageManager.StartServer                                                                         :        1 samples, Peak.  4.19 ms (1.0x), Avg.  4.19 ms, Total. 4.188 ms (0.0%)
[Performance] Application.AcquireProjectLock                                                                                 :        1 samples, Peak.  3.99 ms (1.0x), Avg.  3.99 ms, Total. 3.987 ms (0.0%)
[Performance] Application.InitializeEngineNoGraphics                                                                         :        1 samples, Peak.  64.1 ms (1.0x), Avg.  64.1 ms, Total. 64.07 ms (0.5%)
[Performance] Application.PackageManager.Initialize                                                                          :        1 samples, Peak.   963 ms (1.0x), Avg.   963 ms, Total. 963.5 ms (7.0%)
[Performance] Connecting to Package Manager                                                                                  :       97 samples, Peak.   151 us (16.5x), Avg.  9.18 us, Total. 890.1 us (0.0%)
[Performance] Application.EngineGraphics.Initialize                                                                          :        1 samples, Peak.   348 ms (1.0x), Avg.   348 ms, Total. 347.6 ms (2.5%)
[Performance] Application.GI.Initialize                                                                                      :        1 samples, Peak.  18.6 ms (1.0x), Avg.  18.6 ms, Total. 18.58 ms (0.1%)
[Performance] Application.LoadAllDefaultResourcesFromEditor                                                                  :        1 samples, Peak.  4.74 ms (1.0x), Avg.  4.74 ms, Total. 4.736 ms (0.0%)
[Performance] Application.LoadMonoAssemblies                                                                                 :        1 samples, Peak.  1.41 s (1.0x), Avg.  1.41 s, Total. 1.411 s (10.2%)
[Performance] RestoreManagedReferences                                                                                       :        2 samples, Peak.  68.3 ms (2.0x), Avg.  34.1 ms, Total. 68.28 ms (0.5%)
[Performance] InitializeOnLoad DrivenRectTransformUndo                                                                       :        2 samples, Peak.   777 us (1.1x), Avg.   738 us, Total. 1.475 ms (0.0%)
[Performance] InitializeOnLoad SceneSearch                                                                                   :        2 samples, Peak.   282 us (1.3x), Avg.   222 us, Total. 443.2 us (0.0%)
[Performance] InitializeOnLoad CloudBuild                                                                                    :        2 samples, Peak.  39.8 us (1.8x), Avg.  22.2 us, Total. 44.30 us (0.0%)
[Performance] InitializeOnLoad NativeFormatImporterUtility                                                                   :        2 samples, Peak.  5.42 ms (1.3x), Avg.  4.12 ms, Total. 8.233 ms (0.1%)
[Performance] InitializeOnLoad SearchService                                                                                 :        2 samples, Peak.   287 us (1.2x), Avg.   248 us, Total. 495.2 us (0.0%)
[Performance] InitializeOnLoad SettingsService                                                                               :        2 samples, Peak.  23.7 us (1.3x), Avg.  18.6 us, Total. 37.10 us (0.0%)
[Performance] InitializeOnLoad WindowLayout                                                                                  :        2 samples, Peak.  1.26 ms (1.2x), Avg.  1.09 ms, Total. 2.179 ms (0.0%)
[Performance] InitializeOnLoad AssetStoreContext                                                                             :        2 samples, Peak.  55.6 ms (1.3x), Avg.  43.9 ms, Total. 87.71 ms (0.6%)
[Performance] InitializeOnLoad PoolManager                                                                                   :        2 samples, Peak.  1.04 ms (1.2x), Avg.   870 us, Total. 1.739 ms (0.0%)
[Performance] InitializeOnLoad MixerEffectDefinitionReloader                                                                 :        2 samples, Peak.  5.55 ms (1.3x), Avg.  4.18 ms, Total. 8.351 ms (0.1%)
[Performance] InitializeOnLoad ProjectSearch                                                                                 :        2 samples, Peak.   137 us (1.0x), Avg.   136 us, Total. 272.6 us (0.0%)
[Performance] InitializeOnLoad UISystemProfilerRenderService                                                                 :        2 samples, Peak.  15.4 us (1.1x), Avg.  14.2 us, Total. 28.30 us (0.0%)
[Performance] InitializeOnLoad EditMode                                                                                      :        2 samples, Peak.   955 us (1.0x), Avg.   937 us, Total. 1.873 ms (0.0%)
[Performance] InitializeOnLoad UnityConnect                                                                                  :        2 samples, Peak.   221 us (1.3x), Avg.   165 us, Total. 329.2 us (0.0%)
[Performance] InitializeOnLoad ManagedDebugger                                                                               :        2 samples, Peak.  1.11 ms (1.0x), Avg.  1.10 ms, Total. 2.199 ms (0.0%)
[Performance] InitializeOnLoad ShortcutIntegration                                                                           :        2 samples, Peak.   120 us (1.3x), Avg.  96.0 us, Total. 191.9 us (0.0%)
[Performance] InitializeOnLoad AddComponentWindow                                                                            :        2 samples, Peak.   238 us (1.2x), Avg.   205 us, Total. 410.2 us (0.0%)
[Performance] InitializeOnLoad ManagedDebuggerWindow                                                                         :        2 samples, Peak.   158 us (1.0x), Avg.   150 us, Total. 300.4 us (0.0%)
[Performance] InitializeOnLoad CacheServerWindow                                                                             :        2 samples, Peak.  13.5 us (1.3x), Avg.  10.5 us, Total. 21.00 us (0.0%)
[Performance] InitializeOnLoad PlayModeDownload                                                                              :        2 samples, Peak.  12.4 ms (1.9x), Avg.  6.40 ms, Total. 12.79 ms (0.1%)
[Performance] InitializeOnLoad MenuItems                                                                                     :        2 samples, Peak.   250 us (1.0x), Avg.   239 us, Total. 478.0 us (0.0%)
[Performance] InitializeOnLoad PrefabInstanceChangedListener                                                                 :        2 samples, Peak.   422 us (1.0x), Avg.   407 us, Total. 814.0 us (0.0%)
[Performance] InitializeOnLoad ObjectSelectorSearch                                                                          :        2 samples, Peak.   150 us (1.2x), Avg.   127 us, Total. 253.1 us (0.0%)
[Performance] InitializeOnLoad EditorMonitor                                                                                 :        2 samples, Peak.  1.23 ms (1.1x), Avg.  1.13 ms, Total. 2.263 ms (0.0%)
[Performance] InitializeOnLoad RetainedMode                                                                                  :        2 samples, Peak.  4.33 ms (1.1x), Avg.  4.03 ms, Total. 8.060 ms (0.1%)
[Performance] InitializeOnLoad EditorShaderLoader                                                                            :        2 samples, Peak.  1.12 ms (1.0x), Avg.  1.08 ms, Total. 2.157 ms (0.0%)
[Performance] InitializeOnLoad EditorDelegateRegistration                                                                    :        2 samples, Peak.   688 us (1.1x), Avg.   641 us, Total. 1.282 ms (0.0%)
[Performance] InitializeOnLoad UIDocumentHierarchyWatcher                                                                    :        2 samples, Peak.   148 us (1.3x), Avg.   118 us, Total. 236.4 us (0.0%)
[Performance] InitializeOnLoad LiveReloadTrackerCreator                                                                      :        2 samples, Peak.   330 us (1.1x), Avg.   293 us, Total. 585.8 us (0.0%)
[Performance] InitializeOnLoad UxmlObjectEditorFactories                                                                     :        2 samples, Peak.   909 us (1.1x), Avg.   841 us, Total. 1.681 ms (0.0%)
[Performance] InitializeOnLoad UXMLEditorFactories                                                                           :        2 samples, Peak.   125 ms (1.1x), Avg.   110 ms, Total. 219.7 ms (1.6%)
[Performance] InitializeOnLoad PurchasingService                                                                             :        2 samples, Peak.  16.7 ms (1.1x), Avg.  15.2 ms, Total. 30.41 ms (0.2%)
[Performance] InitializeOnLoad CloudBuildPoller                                                                              :        2 samples, Peak.   764 us (1.5x), Avg.   497 us, Total. 994.2 us (0.0%)
[Performance] InitializeOnLoad EditorGameServicesAnalytics                                                                   :        2 samples, Peak.  9.48 ms (1.6x), Avg.  5.75 ms, Total. 11.51 ms (0.1%)
[Performance] InitializeOnLoad AnalyticsService                                                                              :        2 samples, Peak.   482 us (1.3x), Avg.   375 us, Total. 750.8 us (0.0%)
[Performance] InitializeOnLoad BuildService                                                                                  :        2 samples, Peak.   447 us (1.4x), Avg.   309 us, Total. 617.2 us (0.0%)
[Performance] InitializeOnLoad AdsService                                                                                    :        2 samples, Peak.  1.15 ms (1.4x), Avg.   795 us, Total. 1.591 ms (0.0%)
[Performance] InitializeOnLoad UDPService                                                                                    :        2 samples, Peak.   313 us (1.3x), Avg.   233 us, Total. 466.0 us (0.0%)
[Performance] InitializeOnLoad CrashService                                                                                  :        2 samples, Peak.   296 us (1.3x), Avg.   225 us, Total. 449.3 us (0.0%)
[Performance] InitializeOnLoad ServicesRepository                                                                            :        2 samples, Peak.  10.8 us (1.9x), Avg.  5.75 us, Total. 11.50 us (0.0%)
[Performance] InitializeOnLoad SearchWindow                                                                                  :        2 samples, Peak.   382 us (1.4x), Avg.   277 us, Total. 553.2 us (0.0%)
[Performance] InitializeOnLoad CustomIndexers                                                                                :        2 samples, Peak.  52.8 ms (1.3x), Avg.  40.0 ms, Total. 79.98 ms (0.6%)
[Performance] InitializeOnLoad SearchMonitor                                                                                 :        2 samples, Peak.  4.25 ms (1.5x), Avg.  2.92 ms, Total. 5.830 ms (0.0%)
[Performance] InitializeOnLoad ParameterControllerEditor                                                                     :        2 samples, Peak.  71.7 us (1.4x), Avg.  51.9 us, Total. 103.8 us (0.0%)
[Performance] InitializeOnLoad LayerSettingsWindow                                                                           :        2 samples, Peak.  75.2 us (1.9x), Avg.  40.3 us, Total. 80.70 us (0.0%)
[Performance] InitializeOnLoad PackageManagerHookGUIDConverter.RegisterPackagesEventHandler                                  :        2 samples, Peak.  1.55 ms (1.5x), Avg.  1.05 ms, Total. 2.097 ms (0.0%)
[Performance] InitializeOnLoad EditorDragAndDrop.RegisterEditorClient                                                        :        2 samples, Peak.   783 us (1.0x), Avg.   771 us, Total. 1.543 ms (0.0%)
[Performance] InitializeOnLoad EditorEventCallbacks.InitializeFontAssetResourceChangeCallBacks                               :        2 samples, Peak.  5.66 ms (1.4x), Avg.  3.93 ms, Total. 7.855 ms (0.1%)
[Performance] InitializeOnLoad SceneTemplateService.Init                                                                     :        2 samples, Peak.  4.00 ms (1.3x), Avg.  3.13 ms, Total. 6.266 ms (0.0%)
[Performance] InitializeOnLoad DiagnosticSwitchesConsoleMessage.Init                                                         :        2 samples, Peak.  12.7 ms (1.8x), Avg.  7.14 ms, Total. 14.29 ms (0.1%)
[Performance] InitializeOnLoad PackageManagerWindow.EditorInitializedInSafeMode                                              :        2 samples, Peak.  56.7 ms (2.0x), Avg.  28.5 ms, Total. 56.98 ms (0.4%)
[Performance] InitializeOnLoad ToolShortcutContext.Init                                                                      :        2 samples, Peak.   388 us (1.2x), Avg.   324 us, Total. 648.4 us (0.0%)
[Performance] InitializeOnLoad MemoryProfilerCompilationGuard.InjectCompileGuard                                             :        2 samples, Peak.   446 us (1.3x), Avg.   356 us, Total. 712.7 us (0.0%)
[Performance] InitializeOnLoad AssetPostprocessingInternal.RefreshCustomDependencies                                         :        2 samples, Peak.  7.59 ms (1.2x), Avg.  6.52 ms, Total. 13.05 ms (0.1%)
[Performance] InitializeOnLoad SysrootManager.Initialize                                                                     :        2 samples, Peak.   965 us (1.1x), Avg.   860 us, Total. 1.720 ms (0.0%)
[Performance] InitializeOnLoad ScopedRegistryAddedPopup.SubscribeToRegistriesAdded                                           :        2 samples, Peak.  14.7 ms (1.9x), Avg.  7.63 ms, Total. 15.27 ms (0.1%)
[Performance] InitializeOnLoad SceneVisibilityManager.Initialize                                                             :        2 samples, Peak.  17.2 ms (1.8x), Avg.  9.41 ms, Total. 18.82 ms (0.1%)
[Performance] InitializeOnLoad EditorWindow.Initialize                                                                       :        2 samples, Peak.   836 us (1.4x), Avg.   612 us, Total. 1.225 ms (0.0%)
[Performance] AssemblyReloadEvents.afterAssemblyReload: UnityEditor.SceneTemplate.SceneTemplateService.AfterAssemblyReload   :        2 samples, Peak.  9.09 ms (1.8x), Avg.  4.94 ms, Total. 9.883 ms (0.1%)
[Performance] ProcessService.EditorAfterLoadAllAssemblies                                                                    :        2 samples, Peak.   803 us (1.4x), Avg.   586 us, Total. 1.171 ms (0.0%)
[Performance] Application.ReadLicenseInfo                                                                                    :        1 samples, Peak.  15.0 ms (1.0x), Avg.  15.0 ms, Total. 15.05 ms (0.1%)
[Performance] Application.InitialRefresh                                                                                     :        1 samples, Peak.  3.49 s (1.0x), Avg.  3.49 s, Total. 3.489 s (25.2%)
[Performance] ShaderImporter.SourceAssetModified                                                                             :        2 samples, Peak.  1.00 ms (1.1x), Avg.   904 us, Total. 1.808 ms (0.0%)
[Performance] UpgradeShaderAsset                                                                                             :        2 samples, Peak.   993 us (1.1x), Avg.   889 us, Total. 1.778 ms (0.0%)
[Performance] ShaderIncludeImporter.SourceAssetModified                                                                      :        2 samples, Peak.  3.00 us (1.2x), Avg.  2.40 us, Total. 4.800 us (0.0%)
[Performance] Compiling Scripts                                                                                              :        1 samples, Peak.   998 ms (1.0x), Avg.   998 ms, Total. 997.7 ms (7.2%)
[Performance] AssemblyReloadEvents.beforeAssemblyReload: UnityEditor.SceneTemplate.SceneTemplateService.BeforeAssemblyReload :        1 samples, Peak.   672 us (1.0x), Avg.   672 us, Total. 672.5 us (0.0%)
[Performance] InitializeOnLoad BackgroundWatcher                                                                             :        1 samples, Peak.   550 us (1.0x), Avg.   550 us, Total. 549.6 us (0.0%)
[Performance] InitializeOnLoad UnityTestProtocolStarter                                                                      :        1 samples, Peak.  1.56 ms (1.0x), Avg.  1.56 ms, Total. 1.564 ms (0.0%)
[Performance] InitializeOnLoad TestStarter                                                                                   :        1 samples, Peak.  1.53 ms (1.0x), Avg.  1.53 ms, Total. 1.533 ms (0.0%)
[Performance] InitializeOnLoad RerunCallbackInitializer                                                                      :        1 samples, Peak.  7.24 ms (1.0x), Avg.  7.24 ms, Total. 7.238 ms (0.1%)
[Performance] InitializeOnLoad VisualStudioEditor                                                                            :        1 samples, Peak.  33.1 ms (1.0x), Avg.  33.1 ms, Total. 33.09 ms (0.2%)
[Performance] InitializeOnLoad TestRunnerApiListener                                                                         :        1 samples, Peak.  1.67 ms (1.0x), Avg.  1.67 ms, Total. 1.668 ms (0.0%)
[Performance] InitializeOnLoad VisualStudioIntegration                                                                       :        1 samples, Peak.  3.64 ms (1.0x), Avg.  3.64 ms, Total. 3.644 ms (0.0%)
[Performance] InitializeOnLoad PrefabLayoutRebuilder                                                                         :        1 samples, Peak.   715 us (1.0x), Avg.   715 us, Total. 715.0 us (0.0%)
[Performance] InitializeOnLoad NavigationWindow                                                                              :        1 samples, Peak.  1.41 ms (1.0x), Avg.  1.41 ms, Total. 1.409 ms (0.0%)
[Performance] InitializeOnLoad RiderScriptEditor                                                                             :        1 samples, Peak.  8.77 ms (1.0x), Avg.  8.77 ms, Total. 8.768 ms (0.1%)
[Performance] InitializeOnLoad CallbackInitializer                                                                           :        1 samples, Peak.  1.73 ms (1.0x), Avg.  1.73 ms, Total. 1.728 ms (0.0%)
[Performance] InitializeOnLoad VSCodeScriptEditor                                                                            :        1 samples, Peak.  4.45 ms (1.0x), Avg.  4.45 ms, Total. 4.451 ms (0.0%)
[Performance] InitializeOnLoad SpriteEditorWindow                                                                            :        1 samples, Peak.  1.36 ms (1.0x), Avg.  1.36 ms, Total. 1.362 ms (0.0%)
[Performance] InitializeOnLoad TestJobDataHolder.ResumeRunningJobs                                                           :        1 samples, Peak.  3.41 ms (1.0x), Avg.  3.41 ms, Total. 3.412 ms (0.0%)
[Performance] InitializeOnLoad AnalyticsReporter.RegisterCallbacks                                                           :        1 samples, Peak.   390 us (1.0x), Avg.   390 us, Total. 390.2 us (0.0%)
[Performance] InitializeOnLoad SceneViewGridManager.Initialize                                                               :        1 samples, Peak.  13.0 ms (1.0x), Avg.  13.0 ms, Total. 12.98 ms (0.1%)
[Performance] InitializeOnLoad TilemapPrefabStageHelper.Initialize                                                           :        1 samples, Peak.  2.66 ms (1.0x), Avg.  2.66 ms, Total. 2.664 ms (0.0%)
[Performance] InitializeOnLoad SceneViewOpenTilePaletteHelper.Initialize                                                     :        1 samples, Peak.  1.64 ms (1.0x), Avg.  1.64 ms, Total. 1.640 ms (0.0%)
[Performance] InitializeOnLoad TileDragAndDropManager.Initialize                                                             :        1 samples, Peak.  1.31 ms (1.0x), Avg.  1.31 ms, Total. 1.309 ms (0.0%)
[Performance] InitializeOnLoad VisualStudioEditor.LegacyVisualStudioCodePackageDisabler                                      :        1 samples, Peak.  15.7 ms (1.0x), Avg.  15.7 ms, Total. 15.68 ms (0.1%)
[Performance] DidReloadScriptsTestRunnerWindow.CompilationCallback                                                           :        1 samples, Peak.  1.21 ms (1.0x), Avg.  1.21 ms, Total. 1.212 ms (0.0%)
[Performance] DidReloadScriptsTestListCache.ScriptReloaded                                                                   :        1 samples, Peak.  2.22 ms (1.0x), Avg.  2.22 ms, Total. 2.224 ms (0.0%)
[Performance] DidReloadScriptsAdvancedDropdownWindow.OnScriptReload                                                          :        1 samples, Peak.   498 us (1.0x), Avg.   498 us, Total. 498.1 us (0.0%)
[Performance] PresetManagerPostProcessor.OnPreprocessAsset                                                                   :        1 samples, Peak.   571 us (1.0x), Avg.   571 us, Total. 571.4 us (0.0%)
[Performance] CancelSplashScreenOnAssetChange.OnPreprocessAsset                                                              :        1 samples, Peak.   283 us (1.0x), Avg.   283 us, Total. 283.0 us (0.0%)
[Performance] ShaderImporter.Import                                                                                          :        1 samples, Peak.   215 ms (1.0x), Avg.   215 ms, Total. 215.5 ms (1.6%)
[Performance] EditorApplication.projectChanged: UnityEditor.Audio.MixerEffectDefinitionReloader.OnProjectChanged             :        2 samples, Peak.   619 us (1.3x), Avg.   484 us, Total. 968.3 us (0.0%)
[Performance] AssetDatabase.ImportAssets                                                                                     :        1 samples, Peak.  4.90 us (1.0x), Avg.  4.90 us, Total. 4.900 us (0.0%)
[Performance] VersionControl.Task.Wait                                                                                       :        1 samples, Peak.  17.4 us (1.0x), Avg.  17.4 us, Total. 17.40 us (0.0%)
[Performance] TMPro_TexturePostProcessor.OnPostprocessAllAssets                                                              :        2 samples, Peak.  1.48 ms (1.1x), Avg.  1.37 ms, Total. 2.733 ms (0.0%)
[Performance] BuilderAssetPostprocessor.OnPostprocessAllAssets                                                               :        2 samples, Peak.  4.63 ms (1.0x), Avg.  4.62 ms, Total. 9.239 ms (0.1%)
[Performance] ArtifactBrowserPostProcessor.OnPostprocessAllAssets                                                            :        2 samples, Peak.  1.11 ms (1.0x), Avg.  1.07 ms, Total. 2.137 ms (0.0%)
[Performance] AssetEvents.OnPostprocessAllAssets                                                                             :        4 samples, Peak.   382 us (1.4x), Avg.   282 us, Total. 1.126 ms (0.0%)
[Performance] AudioMixerPostprocessor.OnPostprocessAllAssets                                                                 :        2 samples, Peak.   780 us (1.0x), Avg.   777 us, Total. 1.554 ms (0.0%)
[Performance] StyleCatalogPostProcessor.OnPostprocessAllAssets                                                               :        2 samples, Peak.  20.2 ms (1.0x), Avg.  20.2 ms, Total. 40.49 ms (0.3%)
[Performance] BuildCatalog                                                                                                   :        1 samples, Peak.  18.4 ms (1.0x), Avg.  18.4 ms, Total. 18.42 ms (0.1%)
[Performance] ModelImporterPostProcessor.OnPostprocessAllAssets                                                              :        2 samples, Peak.  2.22 ms (1.0x), Avg.  2.21 ms, Total. 4.429 ms (0.0%)
[Performance] RetainedModeAssetPostprocessor.OnPostprocessAllAssets                                                          :        2 samples, Peak.  4.69 ms (1.0x), Avg.  4.68 ms, Total. 9.369 ms (0.1%)
[Performance] AssetChangedListener.OnPostprocessAllAssets                                                                    :        2 samples, Peak.  3.17 ms (1.0x), Avg.  3.16 ms, Total. 6.329 ms (0.0%)
[Performance] SpeedTreePostProcessor.OnPostprocessAllAssets                                                                  :        2 samples, Peak.   299 us (1.0x), Avg.   296 us, Total. 592.3 us (0.0%)
[Performance] TextAssetPostProcessor.OnPostprocessAllAssets                                                                  :        2 samples, Peak.   557 us (1.0x), Avg.   555 us, Total. 1.110 ms (0.0%)
[Performance] AssetProcessor.OnPostprocessAllAssets                                                                          :        6 samples, Peak.  3.01 ms (2.0x), Avg.  1.51 ms, Total. 9.089 ms (0.1%)
[Performance] SpriteEditorTexturePostprocessor.OnPostprocessAllAssets                                                        :        2 samples, Peak.   316 us (1.0x), Avg.   314 us, Total. 628.4 us (0.0%)
[Performance] SyncVS.PostprocessSyncProject                                                                                  :        1 samples, Peak.  17.4 ms (1.0x), Avg.  17.4 ms, Total. 17.38 ms (0.1%)
[Performance] Application.ImportPackagesAndSetTemplateWhenCreatingProject                                                    :        1 samples, Peak.  13.6 ms (1.0x), Avg.  13.6 ms, Total. 13.59 ms (0.1%)
[Performance] Application.SyncCurrentColorSpace                                                                              :        1 samples, Peak.  19.0 ms (1.0x), Avg.  19.0 ms, Total. 19.03 ms (0.1%)
[Performance] Application.OnUsbDevicesChanged                                                                                :        1 samples, Peak.  5.43 ms (1.0x), Avg.  5.43 ms, Total. 5.430 ms (0.0%)
[Performance] Application.AssetInstanceCacheUpdate                                                                           :        1 samples, Peak.  1.70 us (1.0x), Avg.  1.70 us, Total. 1.700 us (0.0%)
[Performance] Application.UnityExtensions.Initialize                                                                         :        1 samples, Peak.  1.60 ms (1.0x), Avg.  1.60 ms, Total. 1.602 ms (0.0%)
[Performance] CodeEditorProjectSync.SyncEditorProject                                                                        :        1 samples, Peak.   224 ms (1.0x), Avg.   224 ms, Total. 223.7 ms (1.6%)
[Performance] Application.ExecuteStartups                                                                                    :        1 samples, Peak.   163 ms (1.0x), Avg.   163 ms, Total. 163.0 ms (1.2%)
[Performance] Menu.RegisterMenuInterface                                                                                     :       26 samples, Peak.  5.20 us (8.6x), Avg.   604 ns, Total. 15.70 us (0.0%)
[Performance] Gizmo.RebuildRenderers                                                                                         :        2 samples, Peak.   160 ms (1.5x), Avg.   103 ms, Total. 206.7 ms (1.5%)
[Performance] Gizmo.AddGizmoRenderers                                                                                        :       72 samples, Peak.  6.33 ms (52.9x), Avg.   120 us, Total. 8.610 ms (0.1%)
[Performance] Application.editorInitializingProject                                                                          :        1 samples, Peak.  1.11 s (1.0x), Avg.  1.11 s, Total. 1.106 s (8.0%)
[Performance] Application.InitializeMenu                                                                                     :        1 samples, Peak.   360 ms (1.0x), Avg.   360 ms, Total. 359.7 ms (2.6%)
[Performance] Menu.RebuildAll                                                                                                :        1 samples, Peak.   360 ms (1.0x), Avg.   360 ms, Total. 359.7 ms (2.6%)
[Performance] Menu.BuildRegisteredMenuInterfaces                                                                             :        1 samples, Peak.   158 ms (1.0x), Avg.   158 ms, Total. 158.4 ms (1.1%)
[Performance] Menu.FilterMenuItem                                                                                            :      576 samples, Peak.  69.5 ms (569.7x), Avg.   122 us, Total. 70.25 ms (0.5%)
[Performance] UpdateAllMenus                                                                                                 :        1 samples, Peak.  1.23 ms (1.0x), Avg.  1.23 ms, Total. 1.234 ms (0.0%)
[Performance] Menu.RebuildOSMainMenu                                                                                         :        3 samples, Peak.   327 ms (1.3x), Avg.   259 ms, Total. 776.0 ms (5.6%)
[Performance] EditorSceneManager.sceneClosing: UnityEditor.SceneVisibilityManager.EditorSceneManagerOnSceneClosing           :        1 samples, Peak.   432 us (1.0x), Avg.   432 us, Total. 431.9 us (0.0%)
[Performance] GUIView.RepaintAll.PlayerLoopController                                                                        :        1 samples, Peak.  7.90 us (1.0x), Avg.  7.90 us, Total. 7.900 us (0.0%)
[Performance] EditorSceneManager.newSceneCreated: UnityEditor.SceneTemplate.SceneTemplateService.OnNewSceneCreated           :        1 samples, Peak.   544 us (1.0x), Avg.   544 us, Total. 544.1 us (0.0%)
[Performance] EditorSceneManager.newSceneCreated: UnityEditor.SceneVisibilityManager.EditorSceneManagerOnNewSceneCreated     :        1 samples, Peak.   296 us (1.0x), Avg.   296 us, Total. 296.0 us (0.0%)
[Performance] EditorSceneManager.newSceneCreated: UnityEditor.SceneManagement.StageNavigationManager.OnNewSceneCreated       :        1 samples, Peak.   172 us (1.0x), Avg.   172 us, Total. 172.0 us (0.0%)
[Performance] Application.InvokeFinishedLoadingProject                                                                       :        1 samples, Peak.  3.78 ms (1.0x), Avg.  3.78 ms, Total. 3.783 ms (0.0%)
[Performance] ProcessService.OnProjectLoaded                                                                                 :        1 samples, Peak.   185 us (1.0x), Avg.   185 us, Total. 185.0 us (0.0%)
[Performance] AssetDatabase.Refresh                                                                                          :        2 samples, Peak.  42.2 ms (1.7x), Avg.  24.5 ms, Total. 48.93 ms (0.4%)
[Performance] BuildAssetBundles                                                                                              :        1 samples, Peak.  2.76 s (1.0x), Avg.  2.76 s, Total. 2.760 s (19.9%)
[Performance] PaletteAssetModificationProcessor.OnWillSaveAssets                                                             :        2 samples, Peak.   557 us (1.9x), Avg.   293 us, Total. 586.5 us (0.0%)
[Performance] BuilderAssetModificationProcessor.OnWillSaveAssets                                                             :        2 samples, Peak.   551 us (2.0x), Avg.   278 us, Total. 556.9 us (0.0%)
[Performance] TerrainModificationProcessor.OnWillSaveAssets                                                                  :        2 samples, Peak.   948 us (2.0x), Avg.   476 us, Total. 951.5 us (0.0%)
[Performance] GenerateAssemblyTypeInfos                                                                                      :        2 samples, Peak.  18.4 ms (1.6x), Avg.  11.7 ms, Total. 23.42 ms (0.2%)
[Performance] EditorApplication.quitting: UnityEditor.Tilemaps.SceneViewGridManager.EditorQuitting                           :        1 samples, Peak.   213 us (1.0x), Avg.   213 us, Total. 213.0 us (0.0%)
[Performance] EditorApplication.quitting: callback in UnityEditor.TextCore.Text.EditorEventCallbacks                         :        1 samples, Peak.  18.2 ms (1.0x), Avg.  18.2 ms, Total. 18.19 ms (0.1%)
[Performance] Application.Shutdown.PauseProfilerSession                                                                      :        1 samples, Peak.  80.5 us (1.0x), Avg.  80.5 us, Total. 80.50 us (0.0%)
[Performance] Application.Shutdown.PauseAssetImportWorkers                                                                   :        1 samples, Peak.   384 us (1.0x), Avg.   384 us, Total. 383.9 us (0.0%)
[Performance] Application.Shutdown.SaveAssets                                                                                :        1 samples, Peak.   929 us (1.0x), Avg.   929 us, Total. 928.8 us (0.0%)
[Performance] Application.Shutdown.CleanupRenderPipeline                                                                     :        1 samples, Peak.  5.40 us (1.0x), Avg.  5.40 us, Total. 5.400 us (0.0%)
[Performance] Application.Shutdown.StopPreloadManager                                                                        :        1 samples, Peak.  9.99 ms (1.0x), Avg.  9.99 ms, Total. 9.990 ms (0.1%)
[Performance] Application.Shutdown.DestroyWorld                                                                              :        1 samples, Peak.  1.23 ms (1.0x), Avg.  1.23 ms, Total. 1.228 ms (0.0%)
[Performance] Application.Shutdown.CleanupAfterLoad                                                                          :        1 samples, Peak.  4.25 ms (1.0x), Avg.  4.25 ms, Total. 4.247 ms (0.0%)
[Performance] Application.Shutdown.Progress                                                                                  :        1 samples, Peak.  19.0 us (1.0x), Avg.  19.0 us, Total. 19.00 us (0.0%)
[Performance] Application.Shutdown.GICleanupManagers                                                                         :        1 samples, Peak.  1.04 ms (1.0x), Avg.  1.04 ms, Total. 1.037 ms (0.0%)
[Performance] Application.Shutdown.MenuCleanupClass                                                                          :        1 samples, Peak.   259 us (1.0x), Avg.   259 us, Total. 259.0 us (0.0%)
[Performance] Application.Shutdown.ADBSaveStateBeforeShutdown                                                                :        1 samples, Peak.  21.6 us (1.0x), Avg.  21.6 us, Total. 21.60 us (0.0%)
[Performance] Application.Shutdown.RemoteShutdown                                                                            :        1 samples, Peak.  2.10 us (1.0x), Avg.  2.10 us, Total. 2.100 us (0.0%)
[Performance] Application.Shutdown.CleanupVCProvider                                                                         :        1 samples, Peak.  22.7 us (1.0x), Avg.  22.7 us, Total. 22.70 us (0.0%)
[Performance] Application.Shutdown.InputShutdown                                                                             :        1 samples, Peak.   700 ns (1.0x), Avg.   700 ns, Total. 700.0 ns (0.0%)
[Performance] Application.Shutdown.GizmoManagerDestroy                                                                       :        1 samples, Peak.  1.36 ms (1.0x), Avg.  1.36 ms, Total. 1.359 ms (0.0%)
[Performance] Application.Shutdown.ProfilerSession                                                                           :        1 samples, Peak.   272 us (1.0x), Avg.   272 us, Total. 272.5 us (0.0%)
[Performance] Application.Shutdown.ReleaseGfxWindowOnAllGUIViews                                                             :        1 samples, Peak.   800 ns (1.0x), Avg.   800 ns, Total. 800.0 ns (0.0%)
[Performance] Application.Shutdown.CleanupEngine                                                                             :        1 samples, Peak.   130 ms (1.0x), Avg.   130 ms, Total. 130.4 ms (0.9%)
[Performance] Application.Shutdown.CleanupAssetDatabase                                                                      :        1 samples, Peak.  7.36 ms (1.0x), Avg.  7.36 ms, Total. 7.360 ms (0.1%)
[Performance] Application.Shutdown.ScriptCompilationCleanUp                                                                  :        1 samples, Peak.  66.9 ms (1.0x), Avg.  66.9 ms, Total. 66.89 ms (0.5%)
[Performance] Application.Shutdown.DestroyJobSystem                                                                          :        1 samples, Peak.   157 us (1.0x), Avg.   157 us, Total. 156.7 us (0.0%)
[Performance] Application.Shutdown.CleanupPersistentManager                                                                  :        1 samples, Peak.   676 us (1.0x), Avg.   676 us, Total. 675.8 us (0.0%)
[Performance] Application.Shutdown.CleanupAsyncReadManager                                                                   :        1 samples, Peak.   371 us (1.0x), Avg.   371 us, Total. 370.7 us (0.0%)
[Performance] Application.Shutdown.CleanupProgressBar                                                                        :        1 samples, Peak.   200 ns (1.0x), Avg.   200 ns, Total. 200.0 ns (0.0%)
[Performance] Application.Shutdown.CleanupMono                                                                               :        1 samples, Peak.   129 ms (1.0x), Avg.   129 ms, Total. 129.5 ms (0.9%)
[Performance] Application.Shutdown.CleanupStdConverters                                                                      :        1 samples, Peak.  16.2 us (1.0x), Avg.  16.2 us, Total. 16.20 us (0.0%)
[Performance] Application.Shutdown.UnloadAllPlatformSupportModuleNativeDlls                                                  :        1 samples, Peak.  1.10 us (1.0x), Avg.  1.10 us, Total. 1.100 us (0.0%)
[Performance] Application.Shutdown.UnloadAllPlatformSupportNativeLibraries                                                   :        1 samples, Peak. 100.0 ns (1.0x), Avg. 100.0 ns, Total. 100.00 ns (0.0%)
[Performance] Application.Shutdown.CleanupAutoDocumentation                                                                  :        1 samples, Peak.   899 us (1.0x), Avg.   899 us, Total. 899.1 us (0.0%)
[Performance] Application.Shutdown.ShaderNameManagerDestroy                                                                  :        1 samples, Peak.   106 us (1.0x), Avg.   106 us, Total. 106.0 us (0.0%)
[Performance] Application.Shutdown.CleanupCacheServer                                                                        :        1 samples, Peak.   400 ns (1.0x), Avg.   400 ns, Total. 400.0 ns (0.0%)
[Performance] Application.Shutdown.Virtualization_Shutdown                                                                   :        1 samples, Peak.   500 ns (1.0x), Avg.   500 ns, Total. 500.0 ns (0.0%)
[Performance] Application.Shutdown.DevConnections                                                                            :        1 samples, Peak.   537 us (1.0x), Avg.   537 us, Total. 537.4 us (0.0%)
Exiting batchmode successfully now!
Exiting without the bug reporter. Application will terminate with return code 0